Arguments: 
  /usr/local/bin/node /Users/levankvirkvelia/.yarn/bin/yarn.js publ

PATH: 
  /Users/levankvirkvelia/yandex-cloud/bin:/Users/levankvirkvelia/.yarn/bin:/Users/levankvirkvelia/.config/yarn/global/node_modules/.bin:/Library/Frameworks/Python.framework/Versions/3.9/bin:/usr/local/bin:/usr/bin:/bin:/usr/sbin:/sbin:/opt/homebrew/bin:/usr/local/go/bin:/Library/Apple/usr/bin:/Users/levankvirkvelia/projects/workspace/client/node_modules/.bin

Yarn version: 
  1.23.0-20200928.1349

Node version: 
  15.3.0

Platform: 
  darwin x64

Trace: 
  SyntaxError: /Users/levankvirkvelia/projects/workspace/packages/page-state/package.json: Unexpected token } in JSON at position 633
      at JSON.parse (<anonymous>)
      at /Users/levankvirkvelia/.yarn/lib/cli.js:1625:59
      at Generator.next (<anonymous>)
      at step (/Users/levankvirkvelia/.yarn/lib/cli.js:310:30)
      at /Users/levankvirkvelia/.yarn/lib/cli.js:321:13

npm manifest: 
  {
  	"name": "@levankvirkvelia/page-state",
  	"version": "0.0.10",
  	"description": "My awesome module",
  	"license": "MIT",
  	"repository": "YOUR-GITHUB-USERNAME/unicorn-fun",
  	"author": {
  		"name": "YOUR NAME",
  		"email": "YOUR EMAIL",
  		"url": "YOUR WEBSITE"
  	},
  	"exports": "./index.js",
  	"typings": "./index.d.ts",
  	"engines": {
  		"node": ">=12"
  	},
  	"scripts": {
  		"publ": "yarn publish --patch --no-git-tag-version",
  		"test": "xo && ava"
  	},
  	"files": [
  		"index.js",
  		"modules"
  	],
  	"keywords": [
  		"unicorn",
  		"fun"
  	],
  	"dependencies": {
  		"axios": "^0.21.1",
  		"uuid": "^8.3.2",
  		"ws": "^8.0.0"
  	},
  	"devDependencies": {},
  
  }

yarn manifest: 
  No manifest

Lockfile: 
  # THIS IS AN AUTOGENERATED FILE. DO NOT EDIT THIS FILE DIRECTLY.
  # yarn lockfile v1
  
  
  axios@^0.21.1:
    version "0.21.1"
    resolved "https://registry.yarnpkg.com/axios/-/axios-0.21.1.tgz#22563481962f4d6bde9a76d516ef0e5d3c09b2b8"
    integrity sha512-dKQiRHxGD9PPRIUNIWvZhPTPpl1rf/OxTYKsqKUDjBwYylTvV7SjSHJb9ratfyzM6wCdLCOYLzs73qpg5c4iGA==
    dependencies:
      follow-redirects "^1.10.0"
  
  follow-redirects@^1.10.0:
    version "1.14.2"
    resolved "https://registry.yarnpkg.com/follow-redirects/-/follow-redirects-1.14.2.tgz#cecb825047c00f5e66b142f90fed4f515dec789b"
    integrity sha512-yLR6WaE2lbF0x4K2qE2p9PEXKLDjUjnR/xmjS3wHAYxtlsI9MLLBJUZirAHKzUZDGLxje7w/cXR49WOUo4rbsA==
  
  uuid@^8.3.2:
    version "8.3.2"
    resolved "https://registry.yarnpkg.com/uuid/-/uuid-8.3.2.tgz#80d5b5ced271bb9af6c445f21a1a04c606cefbe2"
    integrity sha512-+NYs2QeMWy+GWFOEm9xnn6HCDp0l7QBD7ml8zLUmJ+93Q5NF0NocErnwkTkXVFNiX3/fpC6afS8Dhb/gz7R7eg==
  
  ws@^8.0.0:
    version "8.0.0"
    resolved "https://registry.yarnpkg.com/ws/-/ws-8.0.0.tgz#550605d13dfc1437c9ec1396975709c6d7ffc57d"
    integrity sha512-6AcSIXpBlS0QvCVKk+3cWnWElLsA6SzC0lkQ43ciEglgXJXiCWK3/CGFEJ+Ybgp006CMibamAsqOlxE9s4AvYA==
